<?xml version="1.0" encoding="UTF-8"?>
<testsuite xmlns:xsi="http://www.w3.org/2001/XMLSchema-instance" xsi:noNamespaceSchemaLocation="https://maven.apache.org/surefire/maven-surefire-plugin/xsd/surefire-test-report-3.0.xsd" version="3.0" name="br.com.banksecure.infra.DAO.ClienteDAOTest" time="2.216" tests="10" errors="0" skipped="0" failures="0">
  <properties>
[...]
</properties>
  <testcase name="deveRetornarQuantidadeDeClientesSalvos" classname="br.com.banksecure.infra.DAO.ClienteDAOTest" time="0.395"/>
  <testcase name="deveMostrarOsClientesSalvos" classname="br.com.banksecure.infra.DAO.ClienteDAOTest" time="0.144">
    <system-out><![CDATA[[================== Dados do cliente ===================
id: 1
Nome: Flavio
CPF: 80758585472
Data de Nascimento: 10/09/2004
, ================== Dados do cliente ===================
id: 2
Nome: Jennifer
CPF: 89593956093
Data de Nascimento: 09/09/2003
, ================== Dados do cliente ===================
id: 3
Nome: Diego
CPF: 03369337037
Data de Nascimento: 09/10/2000
, ================== Dados do cliente ===================
id: 4
Nome: Roy
CPF: 49434572070
Data de Nascimento: 18/09/2002
, ================== Dados do cliente ===================
id: 5
Nome: Leticia
CPF: 34517791025
Data de Nascimento: 01/09/2001
, ================== Dados do cliente ===================
id: 6
Nome: Jaine
CPF: 42067877003
Data de Nascimento: 07/09/2003
]
]]></system-out>
  </testcase>
  <testcase name="deveRetornarErroDadosInvalidos" classname="br.com.banksecure.infra.DAO.ClienteDAOTest" time="0.191"/>
  <testcase name="deveRetornarCpfInvalido" classname="br.com.banksecure.infra.DAO.ClienteDAOTest" time="0.211"/>
  <testcase name="deveFalharAoDeletarClienteInexistente" classname="br.com.banksecure.infra.DAO.ClienteDAOTest" time="0.271"/>
  <testcase name="deveInicializarCliente" classname="br.com.banksecure.infra.DAO.ClienteDAOTest" time="0.183"/>
  <testcase name="deveFalharAoDeletarClienteSemId" classname="br.com.banksecure.infra.DAO.ClienteDAOTest" time="0.253"/>
  <testcase name="deveSalvarUmCliente" classname="br.com.banksecure.infra.DAO.ClienteDAOTest" time="0.145"/>
  <testcase name="deveRetornarClienteById" classname="br.com.banksecure.infra.DAO.ClienteDAOTest" time="0.143"/>
  <testcase name="deveDeletarClienteComSucesso" classname="br.com.banksecure.infra.DAO.ClienteDAOTest" time="0.239">
    <system-out><![CDATA[Cliente removido com sucesso
]]></system-out>
  </testcase>
</testsuite>