<?xml version="1.0" encoding="UTF-8"?>
<testsuite xmlns:xsi="http://www.w3.org/2001/XMLSchema-instance" xsi:noNamespaceSchemaLocation="https://maven.apache.org/surefire/maven-surefire-plugin/xsd/surefire-test-report-3.0.xsd" version="3.0" name="br.com.banksecure.service.ApoliceServiceTest" time="0.315" tests="14" errors="0" skipped="0" failures="0">
  <properties>
[...]
</properties>
  <testcase name="deveLancarErroQuandoCamposObrigatoriosNull" classname="br.com.banksecure.service.ApoliceServiceTest" time="0.233"/>
  <testcase name="deveLancarErroQuandoDataInicioInvalida" classname="br.com.banksecure.service.ApoliceServiceTest" time="0.006"/>
  <testcase name="deveLancarErroAoRegistrarVendaComCamposNull" classname="br.com.banksecure.service.ApoliceServiceTest" time="0.003"/>
  <testcase name="deveRetornasTodasAsApolices" classname="br.com.banksecure.service.ApoliceServiceTest" time="0.009">
    <system-out><![CDATA[================== Dados da apolice ===================
Apolice ID: null
Cliente: null
Seguro: null
Funcionario: null
Valor Final: 1500.00
Data de Inicio da apolice: 16/12/2025
Data de fim da apolice: 15/12/2026
Renovada: false

]]></system-out>
  </testcase>
  <testcase name="deveValidarApoliceValidaSemErro" classname="br.com.banksecure.service.ApoliceServiceTest" time="0.004"/>
  <testcase name="deveLancarErroAoRegistrarVendaComCamposNegativos" classname="br.com.banksecure.service.ApoliceServiceTest" time="0.002"/>
  <testcase name="deveLancarErroQuandoValorFinalForNegativo" classname="br.com.banksecure.service.ApoliceServiceTest" time="0.003"/>
  <testcase name="deveRetornarTodasAsApolicesRenovar" classname="br.com.banksecure.service.ApoliceServiceTest" time="0.008">
    <system-out><![CDATA[Apolices a vencer nos próximos 30 dias
================== Dados da apolice ===================
Apolice ID: null
Cliente: null
Seguro: null
Funcionario: null
Valor Final: 1500.00
Data de Inicio da apolice: 15/12/2025
Data de fim da apolice: 14/01/2026
Renovada: false

]]></system-out>
  </testcase>
  <testcase name="deveLancarErroComDataFimInvalida" classname="br.com.banksecure.service.ApoliceServiceTest" time="0.004"/>
  <testcase name="deveRetornarErroSeNaoTiverApolice" classname="br.com.banksecure.service.ApoliceServiceTest" time="0.006"/>
  <testcase name="deveLancarErroQuandoDataFimIgualDataInicio" classname="br.com.banksecure.service.ApoliceServiceTest" time="0.004"/>
  <testcase name="deveLancarErroAoRenovarApoliceComIdNulo" classname="br.com.banksecure.service.ApoliceServiceTest" time="0.003"/>
  <testcase name="deveLancarErroQuandoApoliceNull" classname="br.com.banksecure.service.ApoliceServiceTest" time="0.004"/>
  <testcase name="deveRetornarErroSeNaoTiverApoliceRenovar" classname="br.com.banksecure.service.ApoliceServiceTest" time="0.008"/>
</testsuite>