<?xml version="1.0" encoding="UTF-8"?>
<testsuite xmlns:xsi="http://www.w3.org/2001/XMLSchema-instance" xsi:noNamespaceSchemaLocation="https://maven.apache.org/surefire/maven-surefire-plugin/xsd/surefire-test-report-3.0.xsd" version="3.0" name="br.com.banksecure.service.CotacaoServiceTest" time="0.007" tests="3" errors="0" skipped="0" failures="0">
  <properties>
[...]
</properties>
  <testcase name="taxaRisco" classname="br.com.banksecure.service.CotacaoServiceTest" time="0.001"/>
  <testcase name="setTaxaPadrao" classname="br.com.banksecure.service.CotacaoServiceTest" time="0.001"/>
  <testcase name="bonusIdade" classname="br.com.banksecure.service.CotacaoServiceTest" time="0.003"/>
</testsuite>